<?xml version="1.0" encoding="UTF-8"?>
<testng-results ignored="0" total="2" passed="2" failed="0" skipped="0">
  <reporter-output>
  </reporter-output>
  <suite started-at="2024-04-04T12:07:05 IST" name="Suite" finished-at="2024-04-04T12:07:27 IST" duration-ms="22405">
    <groups>
    </groups>
    <test started-at="2024-04-04T12:07:05 IST" name="Test" finished-at="2024-04-04T12:07:27 IST" duration-ms="22405">
      <class name="testcases.Tc_002_HomeLoan">
        <test-method is-config="true" signature="driverSetup(java.lang.String)[pri:0, instance:testcases.Tc_002_HomeLoan@53f48368]" started-at="2024-04-04T12:07:13 IST" name="driverSetup" finished-at="2024-04-04T12:07:20 IST" duration-ms="6277" status="PASS">
          <params>
            <param index="0">
              <value>
                <![CDATA[chrome]]>
              </value>
            </param>
          </params>
          <reporter-output>
          </reporter-output>
        </test-method> <!-- driverSetup -->
        <test-method signature="valaidateHomeLoan()[pri:0, instance:testcases.Tc_002_HomeLoan@53f48368]" started-at="2024-04-04T12:07:20 IST" name="valaidateHomeLoan" finished-at="2024-04-04T12:07:26 IST" duration-ms="6302" status="PASS">
          <reporter-output>
          </reporter-output>
        </test-method> <!-- valaidateHomeLoan -->
        <test-method is-config="true" signature="browserClose()[pri:0, instance:testcases.Tc_002_HomeLoan@53f48368]" started-at="2024-04-04T12:07:26 IST" name="browserClose" finished-at="2024-04-04T12:07:27 IST" duration-ms="1305" status="PASS">
          <reporter-output>
          </reporter-output>
        </test-method> <!-- browserClose -->
      </class> <!-- testcases.Tc_002_HomeLoan -->
      <class name="testcases.Tc_001_CarLoan">
        <test-method is-config="true" signature="driverSetup(java.lang.String)[pri:0, instance:testcases.Tc_001_CarLoan@2bef51f2]" started-at="2024-04-04T12:07:05 IST" name="driverSetup" finished-at="2024-04-04T12:07:12 IST" duration-ms="6807" status="PASS">
          <params>
            <param index="0">
              <value>
                <![CDATA[chrome]]>
              </value>
            </param>
          </params>
          <reporter-output>
          </reporter-output>
        </test-method> <!-- driverSetup -->
        <test-method signature="validateCarLoan()[pri:0, instance:testcases.Tc_001_CarLoan@2bef51f2]" started-at="2024-04-04T12:07:12 IST" name="validateCarLoan" finished-at="2024-04-04T12:07:12 IST" duration-ms="506" status="PASS">
          <reporter-output>
          </reporter-output>
        </test-method> <!-- validateCarLoan -->
        <test-method is-config="true" signature="browserClose()[pri:0, instance:testcases.Tc_001_CarLoan@2bef51f2]" started-at="2024-04-04T12:07:12 IST" name="browserClose" finished-at="2024-04-04T12:07:13 IST" duration-ms="1175" status="PASS">
          <reporter-output>
          </reporter-output>
        </test-method> <!-- browserClose -->
      </class> <!-- testcases.Tc_001_CarLoan -->
    </test> <!-- Test -->
  </suite> <!-- Suite -->
</testng-results>
