<?xml version="1.0" encoding="UTF-8"?>
<testng-results ignored="0" total="16" passed="15" failed="1" skipped="0">
  <reporter-output>
  </reporter-output>
  <suite started-at="2024-06-14T16:09:17 IST" name="Suite" finished-at="2024-06-14T16:24:09 IST" duration-ms="892212">
    <groups>
    </groups>
    <test started-at="2024-06-14T16:09:17 IST" name="Test" finished-at="2024-06-14T16:24:09 IST" duration-ms="892212">
      <class name="testcases.Tc_003_004_UI_ValidatingEMIcalculator_FeesAndCharges">
        <test-method is-config="true" signature="driverSetup(java.lang.String)[pri:0, instance:testcases.Tc_003_004_UI_ValidatingEMIcalculator_FeesAndCharges@3c989952]" started-at="2024-06-14T16:14:35 IST" name="driverSetup" finished-at="2024-06-14T16:15:09 IST" duration-ms="33786" status="PASS">
          <params>
            <param index="0">
              <value>
                <![CDATA[chrome]]>
              </value>
            </param>
          </params>
          <reporter-output>
          </reporter-output>
        </test-method> <!-- driverSetup -->
        <test-method signature="validatingEMIcalculator_FeesAndCharges()[pri:6, instance:testcases.Tc_003_004_UI_ValidatingEMIcalculator_FeesAndCharges@3c989952]" started-at="2024-06-14T16:15:09 IST" name="validatingEMIcalculator_FeesAndCharges" finished-at="2024-06-14T16:15:14 IST" duration-ms="5313" status="PASS">
          <reporter-output>
          </reporter-output>
        </test-method> <!-- validatingEMIcalculator_FeesAndCharges -->
        <test-method is-config="true" signature="browserClose()[pri:0, instance:testcases.Tc_003_004_UI_ValidatingEMIcalculator_FeesAndCharges@3c989952]" started-at="2024-06-14T16:15:14 IST" name="browserClose" finished-at="2024-06-14T16:15:16 IST" duration-ms="2316" status="PASS">
          <reporter-output>
          </reporter-output>
        </test-method> <!-- browserClose -->
      </class> <!-- testcases.Tc_003_004_UI_ValidatingEMIcalculator_FeesAndCharges -->
      <class name="testcases.Tc_003_009_UI_ValidatingLoanAmountcalculator_FeesAndCharges">
        <test-method is-config="true" signature="driverSetup(java.lang.String)[pri:0, instance:testcases.Tc_003_009_UI_ValidatingLoanAmountcalculator_FeesAndCharges@793138bd]" started-at="2024-06-14T16:18:49 IST" name="driverSetup" finished-at="2024-06-14T16:19:33 IST" duration-ms="43806" status="PASS">
          <params>
            <param index="0">
              <value>
                <![CDATA[chrome]]>
              </value>
            </param>
          </params>
          <reporter-output>
          </reporter-output>
        </test-method> <!-- driverSetup -->
        <test-method signature="validatingLoanAmountcalculator_FeesAndCharges()[pri:11, instance:testcases.Tc_003_009_UI_ValidatingLoanAmountcalculator_FeesAndCharges@793138bd]" started-at="2024-06-14T16:19:33 IST" name="validatingLoanAmountcalculator_FeesAndCharges" finished-at="2024-06-14T16:19:47 IST" duration-ms="13653" status="PASS">
          <reporter-output>
          </reporter-output>
        </test-method> <!-- validatingLoanAmountcalculator_FeesAndCharges -->
        <test-method is-config="true" signature="browserClose()[pri:0, instance:testcases.Tc_003_009_UI_ValidatingLoanAmountcalculator_FeesAndCharges@793138bd]" started-at="2024-06-14T16:19:47 IST" name="browserClose" finished-at="2024-06-14T16:19:49 IST" duration-ms="2117" status="PASS">
          <reporter-output>
          </reporter-output>
        </test-method> <!-- browserClose -->
      </class> <!-- testcases.Tc_003_009_UI_ValidatingLoanAmountcalculator_FeesAndCharges -->
      <class name="testcases.Tc_003_001_UI_ValidatingEMIcalculator_LoanAmount">
        <test-method is-config="true" signature="driverSetup(java.lang.String)[pri:0, instance:testcases.Tc_003_001_UI_ValidatingEMIcalculator_LoanAmount@4bd1f8dd]" started-at="2024-06-14T16:11:04 IST" name="driverSetup" finished-at="2024-06-14T16:11:37 IST" duration-ms="33602" status="PASS">
          <params>
            <param index="0">
              <value>
                <![CDATA[chrome]]>
              </value>
            </param>
          </params>
          <reporter-output>
          </reporter-output>
        </test-method> <!-- driverSetup -->
        <test-method signature="validatingEMIcalculator_LoanAmount()[pri:3, instance:testcases.Tc_003_001_UI_ValidatingEMIcalculator_LoanAmount@4bd1f8dd]" started-at="2024-06-14T16:11:37 IST" name="validatingEMIcalculator_LoanAmount" finished-at="2024-06-14T16:11:44 IST" duration-ms="6529" status="PASS">
          <reporter-output>
          </reporter-output>
        </test-method> <!-- validatingEMIcalculator_LoanAmount -->
        <test-method is-config="true" signature="browserClose()[pri:0, instance:testcases.Tc_003_001_UI_ValidatingEMIcalculator_LoanAmount@4bd1f8dd]" started-at="2024-06-14T16:11:44 IST" name="browserClose" finished-at="2024-06-14T16:11:46 IST" duration-ms="2297" status="PASS">
          <reporter-output>
          </reporter-output>
        </test-method> <!-- browserClose -->
      </class> <!-- testcases.Tc_003_001_UI_ValidatingEMIcalculator_LoanAmount -->
      <class name="testcases.Tc_003_011_UI_ValidatingLoanTenturecalculator_LoanAmount">
        <test-method is-config="true" signature="driverSetup(java.lang.String)[pri:0, instance:testcases.Tc_003_011_UI_ValidatingLoanTenturecalculator_LoanAmount@5c18016b]" started-at="2024-06-14T16:21:04 IST" name="driverSetup" finished-at="2024-06-14T16:21:29 IST" duration-ms="25248" status="PASS">
          <params>
            <param index="0">
              <value>
                <![CDATA[chrome]]>
              </value>
            </param>
          </params>
          <reporter-output>
          </reporter-output>
        </test-method> <!-- driverSetup -->
        <test-method signature="validatingLoanTenturecalculator_LoanAmount()[pri:13, instance:testcases.Tc_003_011_UI_ValidatingLoanTenturecalculator_LoanAmount@5c18016b]" started-at="2024-06-14T16:21:29 IST" name="validatingLoanTenturecalculator_LoanAmount" finished-at="2024-06-14T16:21:41 IST" duration-ms="11454" status="PASS">
          <reporter-output>
          </reporter-output>
        </test-method> <!-- validatingLoanTenturecalculator_LoanAmount -->
        <test-method is-config="true" signature="browserClose()[pri:0, instance:testcases.Tc_003_011_UI_ValidatingLoanTenturecalculator_LoanAmount@5c18016b]" started-at="2024-06-14T16:21:41 IST" name="browserClose" finished-at="2024-06-14T16:21:43 IST" duration-ms="2184" status="PASS">
          <reporter-output>
          </reporter-output>
        </test-method> <!-- browserClose -->
      </class> <!-- testcases.Tc_003_011_UI_ValidatingLoanTenturecalculator_LoanAmount -->
      <class name="testcases.Tc_003_006_UI_ValidatingLoanAmountcalculator_Emi">
        <test-method is-config="true" signature="driverSetup(java.lang.String)[pri:0, instance:testcases.Tc_003_006_UI_ValidatingLoanAmountcalculator_Emi@3d3ba765]" started-at="2024-06-14T16:16:25 IST" name="driverSetup" finished-at="2024-06-14T16:17:02 IST" duration-ms="37726" status="PASS">
          <params>
            <param index="0">
              <value>
                <![CDATA[chrome]]>
              </value>
            </param>
          </params>
          <reporter-output>
          </reporter-output>
        </test-method> <!-- driverSetup -->
        <test-method signature="validatingLoanAmountcalculator_Emi()[pri:8, instance:testcases.Tc_003_006_UI_ValidatingLoanAmountcalculator_Emi@3d3ba765]" started-at="2024-06-14T16:17:02 IST" name="validatingLoanAmountcalculator_Emi" finished-at="2024-06-14T16:17:09 IST" duration-ms="6619" status="PASS">
          <reporter-output>
          </reporter-output>
        </test-method> <!-- validatingLoanAmountcalculator_Emi -->
        <test-method is-config="true" signature="browserClose()[pri:0, instance:testcases.Tc_003_006_UI_ValidatingLoanAmountcalculator_Emi@3d3ba765]" started-at="2024-06-14T16:17:09 IST" name="browserClose" finished-at="2024-06-14T16:17:11 IST" duration-ms="2558" status="PASS">
          <reporter-output>
          </reporter-output>
        </test-method> <!-- browserClose -->
      </class> <!-- testcases.Tc_003_006_UI_ValidatingLoanAmountcalculator_Emi -->
      <class name="testcases.Tc_003_002_UI_ValidatingEMIcalculator_InterestRate">
        <test-method is-config="true" signature="driverSetup(java.lang.String)[pri:0, instance:testcases.Tc_003_002_UI_ValidatingEMIcalculator_InterestRate@7096b474]" started-at="2024-06-14T16:11:46 IST" name="driverSetup" finished-at="2024-06-14T16:12:43 IST" duration-ms="56555" status="PASS">
          <params>
            <param index="0">
              <value>
                <![CDATA[chrome]]>
              </value>
            </param>
          </params>
          <reporter-output>
          </reporter-output>
        </test-method> <!-- driverSetup -->
        <test-method signature="validatingEMIcalculator_InterestRate()[pri:4, instance:testcases.Tc_003_002_UI_ValidatingEMIcalculator_InterestRate@7096b474]" started-at="2024-06-14T16:12:43 IST" name="validatingEMIcalculator_InterestRate" finished-at="2024-06-14T16:13:38 IST" duration-ms="54889" status="PASS">
          <reporter-output>
          </reporter-output>
        </test-method> <!-- validatingEMIcalculator_InterestRate -->
        <test-method is-config="true" signature="browserClose()[pri:0, instance:testcases.Tc_003_002_UI_ValidatingEMIcalculator_InterestRate@7096b474]" started-at="2024-06-14T16:13:38 IST" name="browserClose" finished-at="2024-06-14T16:13:41 IST" duration-ms="3265" status="PASS">
          <reporter-output>
          </reporter-output>
        </test-method> <!-- browserClose -->
      </class> <!-- testcases.Tc_003_002_UI_ValidatingEMIcalculator_InterestRate -->
      <class name="testcases.Tc_003_007_UI_ValidatingLoanAmountcalculator_InterestRate">
        <test-method is-config="true" signature="driverSetup(java.lang.String)[pri:0, instance:testcases.Tc_003_007_UI_ValidatingLoanAmountcalculator_InterestRate@25bc0606]" started-at="2024-06-14T16:17:11 IST" name="driverSetup" finished-at="2024-06-14T16:18:03 IST" duration-ms="51269" status="PASS">
          <params>
            <param index="0">
              <value>
                <![CDATA[chrome]]>
              </value>
            </param>
          </params>
          <reporter-output>
          </reporter-output>
        </test-method> <!-- driverSetup -->
        <test-method signature="validatingLoanAmountcalculator_InterestRate()[pri:9, instance:testcases.Tc_003_007_UI_ValidatingLoanAmountcalculator_InterestRate@25bc0606]" started-at="2024-06-14T16:18:03 IST" name="validatingLoanAmountcalculator_InterestRate" finished-at="2024-06-14T16:18:09 IST" duration-ms="6151" status="PASS">
          <reporter-output>
          </reporter-output>
        </test-method> <!-- validatingLoanAmountcalculator_InterestRate -->
        <test-method is-config="true" signature="browserClose()[pri:0, instance:testcases.Tc_003_007_UI_ValidatingLoanAmountcalculator_InterestRate@25bc0606]" started-at="2024-06-14T16:18:09 IST" name="browserClose" finished-at="2024-06-14T16:18:12 IST" duration-ms="2626" status="PASS">
          <reporter-output>
          </reporter-output>
        </test-method> <!-- browserClose -->
      </class> <!-- testcases.Tc_003_007_UI_ValidatingLoanAmountcalculator_InterestRate -->
      <class name="testcases.Tc_003_012_UI_ValidatingLoanTenturecalculator_EMI">
        <test-method is-config="true" signature="driverSetup(java.lang.String)[pri:0, instance:testcases.Tc_003_012_UI_ValidatingLoanTenturecalculator_EMI@33aeca0b]" started-at="2024-06-14T16:21:43 IST" name="driverSetup" finished-at="2024-06-14T16:22:08 IST" duration-ms="25069" status="PASS">
          <params>
            <param index="0">
              <value>
                <![CDATA[chrome]]>
              </value>
            </param>
          </params>
          <reporter-output>
          </reporter-output>
        </test-method> <!-- driverSetup -->
        <test-method signature="validatingLoanTenturecalculator_EMI()[pri:14, instance:testcases.Tc_003_012_UI_ValidatingLoanTenturecalculator_EMI@33aeca0b]" started-at="2024-06-14T16:22:08 IST" name="validatingLoanTenturecalculator_EMI" finished-at="2024-06-14T16:22:13 IST" duration-ms="5439" status="PASS">
          <reporter-output>
          </reporter-output>
        </test-method> <!-- validatingLoanTenturecalculator_EMI -->
        <test-method is-config="true" signature="browserClose()[pri:0, instance:testcases.Tc_003_012_UI_ValidatingLoanTenturecalculator_EMI@33aeca0b]" started-at="2024-06-14T16:22:13 IST" name="browserClose" finished-at="2024-06-14T16:22:16 IST" duration-ms="2170" status="PASS">
          <reporter-output>
          </reporter-output>
        </test-method> <!-- browserClose -->
      </class> <!-- testcases.Tc_003_012_UI_ValidatingLoanTenturecalculator_EMI -->
      <class name="testcases.Tc_002_HomeLoan">
        <test-method is-config="true" signature="driverSetup(java.lang.String)[pri:0, instance:testcases.Tc_002_HomeLoan@3f07b12c]" started-at="2024-06-14T16:10:13 IST" name="driverSetup" finished-at="2024-06-14T16:10:46 IST" duration-ms="33366" status="PASS">
          <params>
            <param index="0">
              <value>
                <![CDATA[chrome]]>
              </value>
            </param>
          </params>
          <reporter-output>
          </reporter-output>
        </test-method> <!-- driverSetup -->
        <test-method signature="valaidateHomeLoan()[pri:2, instance:testcases.Tc_002_HomeLoan@3f07b12c]" started-at="2024-06-14T16:10:46 IST" name="valaidateHomeLoan" finished-at="2024-06-14T16:11:00 IST" duration-ms="14088" status="PASS">
          <reporter-output>
          </reporter-output>
        </test-method> <!-- valaidateHomeLoan -->
        <test-method is-config="true" signature="browserClose()[pri:0, instance:testcases.Tc_002_HomeLoan@3f07b12c]" started-at="2024-06-14T16:11:00 IST" name="browserClose" finished-at="2024-06-14T16:11:04 IST" duration-ms="3520" status="PASS">
          <reporter-output>
          </reporter-output>
        </test-method> <!-- browserClose -->
      </class> <!-- testcases.Tc_002_HomeLoan -->
      <class name="testcases.Tc_001_CarLoan">
        <test-method is-config="true" signature="driverSetup(java.lang.String)[pri:0, instance:testcases.Tc_001_CarLoan@2eced48b]" started-at="2024-06-14T16:09:17 IST" name="driverSetup" finished-at="2024-06-14T16:10:09 IST" duration-ms="52153" status="PASS">
          <params>
            <param index="0">
              <value>
                <![CDATA[chrome]]>
              </value>
            </param>
          </params>
          <reporter-output>
          </reporter-output>
        </test-method> <!-- driverSetup -->
        <test-method signature="validateCarLoan()[pri:0, instance:testcases.Tc_001_CarLoan@2eced48b]" started-at="2024-06-14T16:10:09 IST" name="validateCarLoan" finished-at="2024-06-14T16:10:10 IST" duration-ms="1097" status="FAIL">
          <exception class="org.openqa.selenium.ElementClickInterceptedException">
            <message>
              <![CDATA[element click intercepted: Element <li id="car-loan">...</li> is not clickable at point (398, 214). Other element would receive the click: <ul class="dropdown-menu show" aria-labelledby="menu-item-dropdown-2696" role="menu">...</ul>
  (Session info: chrome=123.0.6312.59)
Build info: version: '4.18.1', revision: 'b1d3319b48'
System info: os.name: 'Windows 11', os.arch: 'amd64', os.version: '10.0', java.version: '17.0.2'
Driver info: org.openqa.selenium.chrome.ChromeDriver
Command: [1e80120551156a4c3c3ef2fedcfffb16, clickElement {id=f.1C6BD26148743407B493FCAF43F9F847.d.2109D1DDAD72DE360AE19AED6A46BFA5.e.13}]
Capabilities {acceptInsecureCerts: false, browserName: chrome, browserVersion: 123.0.6312.59, chrome: {chromedriverVersion: 123.0.6312.122 (31f8248cdd9..., userDataDir: C:\WINDOWS\SystemTemp\scope...}, fedcm:accounts: true, goog:chromeOptions: {debuggerAddress: localhost:63571}, networkConnectionEnabled: false, pageLoadStrategy: normal, platformName: windows, proxy: Proxy(), se:cdp: ws://localhost:63571/devtoo..., se:cdpVersion: 123.0.6312.59, setWindowRect: true, strictFileInteractability: false, timeouts: {implicit: 0, pageLoad: 300000, script: 30000}, unhandledPromptBehavior: dismiss and notify, webauthn:extension:credBlob: true, webauthn:extension:largeBlob: true, webauthn:extension:minPinLength: true, webauthn:extension:prf: true, webauthn:virtualAuthenticators: true}
Element: [[ChromeDriver: chrome on windows (1e80120551156a4c3c3ef2fedcfffb16)] -> xpath: //*[@id="car-loan"]]
Session ID: 1e80120551156a4c3c3ef2fedcfffb16]]>
            </message>
            <full-stacktrace>
              <![CDATA[org.openqa.selenium.ElementClickInterceptedException: element click intercepted: Element <li id="car-loan">...</li> is not clickable at point (398, 214). Other element would receive the click: <ul class="dropdown-menu show" aria-labelledby="menu-item-dropdown-2696" role="menu">...</ul>
  (Session info: chrome=123.0.6312.59)
Build info: version: '4.18.1', revision: 'b1d3319b48'
System info: os.name: 'Windows 11', os.arch: 'amd64', os.version: '10.0', java.version: '17.0.2'
Driver info: org.openqa.selenium.chrome.ChromeDriver
Command: [1e80120551156a4c3c3ef2fedcfffb16, clickElement {id=f.1C6BD26148743407B493FCAF43F9F847.d.2109D1DDAD72DE360AE19AED6A46BFA5.e.13}]
Capabilities {acceptInsecureCerts: false, browserName: chrome, browserVersion: 123.0.6312.59, chrome: {chromedriverVersion: 123.0.6312.122 (31f8248cdd9..., userDataDir: C:\WINDOWS\SystemTemp\scope...}, fedcm:accounts: true, goog:chromeOptions: {debuggerAddress: localhost:63571}, networkConnectionEnabled: false, pageLoadStrategy: normal, platformName: windows, proxy: Proxy(), se:cdp: ws://localhost:63571/devtoo..., se:cdpVersion: 123.0.6312.59, setWindowRect: true, strictFileInteractability: false, timeouts: {implicit: 0, pageLoad: 300000, script: 30000}, unhandledPromptBehavior: dismiss and notify, webauthn:extension:credBlob: true, webauthn:extension:largeBlob: true, webauthn:extension:minPinLength: true, webauthn:extension:prf: true, webauthn:virtualAuthenticators: true}
Element: [[ChromeDriver: chrome on windows (1e80120551156a4c3c3ef2fedcfffb16)] -> xpath: //*[@id="car-loan"]]
Session ID: 1e80120551156a4c3c3ef2fedcfffb16
at java.base/jdk.internal.reflect.NativeConstructorAccessorImpl.newInstance0(Native Method)
at java.base/jdk.internal.reflect.NativeConstructorAccessorImpl.newInstance(NativeConstructorAccessorImpl.java:77)
at java.base/jdk.internal.reflect.DelegatingConstructorAccessorImpl.newInstance(DelegatingConstructorAccessorImpl.java:45)
at java.base/java.lang.reflect.Constructor.newInstanceWithCaller(Constructor.java:499)
at java.base/java.lang.reflect.Constructor.newInstance(Constructor.java:480)
at org.openqa.selenium.remote.ErrorCodec.decode(ErrorCodec.java:167)
at org.openqa.selenium.remote.codec.w3c.W3CHttpResponseCodec.decode(W3CHttpResponseCodec.java:138)
at org.openqa.selenium.remote.codec.w3c.W3CHttpResponseCodec.decode(W3CHttpResponseCodec.java:50)
at org.openqa.selenium.remote.HttpCommandExecutor.execute(HttpCommandExecutor.java:190)
at org.openqa.selenium.remote.service.DriverCommandExecutor.invokeExecute(DriverCommandExecutor.java:216)
at org.openqa.selenium.remote.service.DriverCommandExecutor.execute(DriverCommandExecutor.java:174)
at org.openqa.selenium.remote.RemoteWebDriver.execute(RemoteWebDriver.java:519)
at org.openqa.selenium.remote.RemoteWebElement.execute(RemoteWebElement.java:223)
at org.openqa.selenium.remote.RemoteWebElement.click(RemoteWebElement.java:76)
at java.base/jdk.internal.reflect.NativeMethodAccessorImpl.invoke0(Native Method)
at java.base/jdk.internal.reflect.NativeMethodAccessorImpl.invoke(NativeMethodAccessorImpl.java:77)
at java.base/jdk.internal.reflect.DelegatingMethodAccessorImpl.invoke(DelegatingMethodAccessorImpl.java:43)
at java.base/java.lang.reflect.Method.invoke(Method.java:568)
at org.openqa.selenium.support.pagefactory.internal.LocatingElementHandler.invoke(LocatingElementHandler.java:51)
at jdk.proxy2/jdk.proxy2.$Proxy30.click(Unknown Source)
at pageObject.PageObject.clickCarTab(PageObject.java:26)
at testcases.Tc_001_CarLoan.validateCarLoan(Tc_001_CarLoan.java:15)
at java.base/jdk.internal.reflect.NativeMethodAccessorImpl.invoke0(Native Method)
at java.base/jdk.internal.reflect.NativeMethodAccessorImpl.invoke(NativeMethodAccessorImpl.java:77)
at java.base/jdk.internal.reflect.DelegatingMethodAccessorImpl.invoke(DelegatingMethodAccessorImpl.java:43)
at java.base/java.lang.reflect.Method.invoke(Method.java:568)
at org.testng.internal.invokers.MethodInvocationHelper.invokeMethod(MethodInvocationHelper.java:139)
at org.testng.internal.invokers.TestInvoker.invokeMethod(TestInvoker.java:664)
at org.testng.internal.invokers.TestInvoker.invokeTestMethod(TestInvoker.java:228)
at org.testng.internal.invokers.MethodRunner.runInSequence(MethodRunner.java:63)
at org.testng.internal.invokers.TestInvoker$MethodInvocationAgent.invoke(TestInvoker.java:961)
at org.testng.internal.invokers.TestInvoker.invokeTestMethods(TestInvoker.java:201)
at org.testng.internal.invokers.TestMethodWorker.invokeTestMethods(TestMethodWorker.java:148)
at org.testng.internal.invokers.TestMethodWorker.run(TestMethodWorker.java:128)
at java.base/java.util.ArrayList.forEach(ArrayList.java:1511)
at org.testng.TestRunner.privateRun(TestRunner.java:819)
at org.testng.TestRunner.run(TestRunner.java:619)
at org.testng.SuiteRunner.runTest(SuiteRunner.java:443)
at org.testng.SuiteRunner.runSequentially(SuiteRunner.java:437)
at org.testng.SuiteRunner.privateRun(SuiteRunner.java:397)
at org.testng.SuiteRunner.run(SuiteRunner.java:336)
at org.testng.SuiteRunnerWorker.runSuite(SuiteRunnerWorker.java:52)
at org.testng.SuiteRunnerWorker.run(SuiteRunnerWorker.java:95)
at org.testng.TestNG.runSuitesSequentially(TestNG.java:1301)
at org.testng.TestNG.runSuitesLocally(TestNG.java:1228)
at org.testng.TestNG.runSuites(TestNG.java:1134)
at org.testng.TestNG.run(TestNG.java:1101)
at org.testng.remote.AbstractRemoteTestNG.run(AbstractRemoteTestNG.java:115)
at org.testng.remote.RemoteTestNG.initAndRun(RemoteTestNG.java:293)
at org.testng.remote.RemoteTestNG.main(RemoteTestNG.java:91)
]]>
            </full-stacktrace>
          </exception> <!-- org.openqa.selenium.ElementClickInterceptedException -->
          <reporter-output>
          </reporter-output>
        </test-method> <!-- validateCarLoan -->
        <test-method is-config="true" signature="browserClose()[pri:0, instance:testcases.Tc_001_CarLoan@2eced48b]" started-at="2024-06-14T16:10:10 IST" name="browserClose" finished-at="2024-06-14T16:10:13 IST" duration-ms="2502" status="PASS">
          <reporter-output>
          </reporter-output>
        </test-method> <!-- browserClose -->
      </class> <!-- testcases.Tc_001_CarLoan -->
      <class name="testcases.Tc_003_010_UI_ValidatingLoanAmountcalculator_YearAndMonth">
        <test-method is-config="true" signature="driverSetup(java.lang.String)[pri:0, instance:testcases.Tc_003_010_UI_ValidatingLoanAmountcalculator_YearAndMonth@1951b871]" started-at="2024-06-14T16:19:49 IST" name="driverSetup" finished-at="2024-06-14T16:20:45 IST" duration-ms="55890" status="PASS">
          <params>
            <param index="0">
              <value>
                <![CDATA[chrome]]>
              </value>
            </param>
          </params>
          <reporter-output>
          </reporter-output>
        </test-method> <!-- driverSetup -->
        <test-method signature="validatingLoanAmountcalculator_YearAndMonth()[pri:12, instance:testcases.Tc_003_010_UI_ValidatingLoanAmountcalculator_YearAndMonth@1951b871]" started-at="2024-06-14T16:20:45 IST" name="validatingLoanAmountcalculator_YearAndMonth" finished-at="2024-06-14T16:21:01 IST" duration-ms="16593" status="PASS">
          <reporter-output>
          </reporter-output>
        </test-method> <!-- validatingLoanAmountcalculator_YearAndMonth -->
        <test-method is-config="true" signature="browserClose()[pri:0, instance:testcases.Tc_003_010_UI_ValidatingLoanAmountcalculator_YearAndMonth@1951b871]" started-at="2024-06-14T16:21:01 IST" name="browserClose" finished-at="2024-06-14T16:21:04 IST" duration-ms="2563" status="PASS">
          <reporter-output>
          </reporter-output>
        </test-method> <!-- browserClose -->
      </class> <!-- testcases.Tc_003_010_UI_ValidatingLoanAmountcalculator_YearAndMonth -->
      <class name="testcases.Tc_003_008_UI_ValidatingLoanAmountcalculator_LoanTenture">
        <test-method is-config="true" signature="driverSetup(java.lang.String)[pri:0, instance:testcases.Tc_003_008_UI_ValidatingLoanAmountcalculator_LoanTenture@5d1659ea]" started-at="2024-06-14T16:18:12 IST" name="driverSetup" finished-at="2024-06-14T16:18:41 IST" duration-ms="29836" status="PASS">
          <params>
            <param index="0">
              <value>
                <![CDATA[chrome]]>
              </value>
            </param>
          </params>
          <reporter-output>
          </reporter-output>
        </test-method> <!-- driverSetup -->
        <test-method signature="validatingLoanAmountcalculator_LoanTenture()[pri:10, instance:testcases.Tc_003_008_UI_ValidatingLoanAmountcalculator_LoanTenture@5d1659ea]" started-at="2024-06-14T16:18:41 IST" name="validatingLoanAmountcalculator_LoanTenture" finished-at="2024-06-14T16:18:47 IST" duration-ms="5291" status="PASS">
          <reporter-output>
          </reporter-output>
        </test-method> <!-- validatingLoanAmountcalculator_LoanTenture -->
        <test-method is-config="true" signature="browserClose()[pri:0, instance:testcases.Tc_003_008_UI_ValidatingLoanAmountcalculator_LoanTenture@5d1659ea]" started-at="2024-06-14T16:18:47 IST" name="browserClose" finished-at="2024-06-14T16:18:49 IST" duration-ms="2753" status="PASS">
          <reporter-output>
          </reporter-output>
        </test-method> <!-- browserClose -->
      </class> <!-- testcases.Tc_003_008_UI_ValidatingLoanAmountcalculator_LoanTenture -->
      <class name="testcases.Tc_003_014_UI_ValidatingLoanTenturecalculator_FeesAndCharges">
        <test-method is-config="true" signature="driverSetup(java.lang.String)[pri:0, instance:testcases.Tc_003_014_UI_ValidatingLoanTenturecalculator_FeesAndCharges@57ac5227]" started-at="2024-06-14T16:22:49 IST" name="driverSetup" finished-at="2024-06-14T16:23:49 IST" duration-ms="60051" status="PASS">
          <params>
            <param index="0">
              <value>
                <![CDATA[chrome]]>
              </value>
            </param>
          </params>
          <reporter-output>
          </reporter-output>
        </test-method> <!-- driverSetup -->
        <test-method signature="validatingLoanTenturecalculator_FeesAndCharges()[pri:16, instance:testcases.Tc_003_014_UI_ValidatingLoanTenturecalculator_FeesAndCharges@57ac5227]" started-at="2024-06-14T16:23:49 IST" name="validatingLoanTenturecalculator_FeesAndCharges" finished-at="2024-06-14T16:24:06 IST" duration-ms="17497" status="PASS">
          <reporter-output>
          </reporter-output>
        </test-method> <!-- validatingLoanTenturecalculator_FeesAndCharges -->
        <test-method is-config="true" signature="browserClose()[pri:0, instance:testcases.Tc_003_014_UI_ValidatingLoanTenturecalculator_FeesAndCharges@57ac5227]" started-at="2024-06-14T16:24:06 IST" name="browserClose" finished-at="2024-06-14T16:24:09 IST" duration-ms="2667" status="PASS">
          <reporter-output>
          </reporter-output>
        </test-method> <!-- browserClose -->
      </class> <!-- testcases.Tc_003_014_UI_ValidatingLoanTenturecalculator_FeesAndCharges -->
      <class name="testcases.Tc_003_013_UI_ValidatingLoanTenturecalculator_InterestRate">
        <test-method is-config="true" signature="driverSetup(java.lang.String)[pri:0, instance:testcases.Tc_003_013_UI_ValidatingLoanTenturecalculator_InterestRate@43aaf813]" started-at="2024-06-14T16:22:16 IST" name="driverSetup" finished-at="2024-06-14T16:22:42 IST" duration-ms="25973" status="PASS">
          <params>
            <param index="0">
              <value>
                <![CDATA[chrome]]>
              </value>
            </param>
          </params>
          <reporter-output>
          </reporter-output>
        </test-method> <!-- driverSetup -->
        <test-method signature="validatingLoanTenturecalculator_InterestRate()[pri:15, instance:testcases.Tc_003_013_UI_ValidatingLoanTenturecalculator_InterestRate@43aaf813]" started-at="2024-06-14T16:22:42 IST" name="validatingLoanTenturecalculator_InterestRate" finished-at="2024-06-14T16:22:46 IST" duration-ms="4669" status="PASS">
          <reporter-output>
          </reporter-output>
        </test-method> <!-- validatingLoanTenturecalculator_InterestRate -->
        <test-method is-config="true" signature="browserClose()[pri:0, instance:testcases.Tc_003_013_UI_ValidatingLoanTenturecalculator_InterestRate@43aaf813]" started-at="2024-06-14T16:22:46 IST" name="browserClose" finished-at="2024-06-14T16:22:49 IST" duration-ms="2466" status="PASS">
          <reporter-output>
          </reporter-output>
        </test-method> <!-- browserClose -->
      </class> <!-- testcases.Tc_003_013_UI_ValidatingLoanTenturecalculator_InterestRate -->
      <class name="testcases.Tc_003_005_UI_ValidatingEMIcalculator_YearAndMonth">
        <test-method is-config="true" signature="driverSetup(java.lang.String)[pri:0, instance:testcases.Tc_003_005_UI_ValidatingEMIcalculator_YearAndMonth@784b990c]" started-at="2024-06-14T16:15:16 IST" name="driverSetup" finished-at="2024-06-14T16:16:08 IST" duration-ms="51653" status="PASS">
          <params>
            <param index="0">
              <value>
                <![CDATA[chrome]]>
              </value>
            </param>
          </params>
          <reporter-output>
          </reporter-output>
        </test-method> <!-- driverSetup -->
        <test-method signature="validatingEMIcalculator_YearAndMonth()[pri:7, instance:testcases.Tc_003_005_UI_ValidatingEMIcalculator_YearAndMonth@784b990c]" started-at="2024-06-14T16:16:08 IST" name="validatingEMIcalculator_YearAndMonth" finished-at="2024-06-14T16:16:22 IST" duration-ms="13652" status="PASS">
          <reporter-output>
          </reporter-output>
        </test-method> <!-- validatingEMIcalculator_YearAndMonth -->
        <test-method is-config="true" signature="browserClose()[pri:0, instance:testcases.Tc_003_005_UI_ValidatingEMIcalculator_YearAndMonth@784b990c]" started-at="2024-06-14T16:16:22 IST" name="browserClose" finished-at="2024-06-14T16:16:25 IST" duration-ms="2784" status="PASS">
          <reporter-output>
          </reporter-output>
        </test-method> <!-- browserClose -->
      </class> <!-- testcases.Tc_003_005_UI_ValidatingEMIcalculator_YearAndMonth -->
      <class name="testcases.Tc_003_003_UI_ValidatingEMIcalculator_LoanTenure">
        <test-method is-config="true" signature="driverSetup(java.lang.String)[pri:0, instance:testcases.Tc_003_003_UI_ValidatingEMIcalculator_LoanTenure@3e14c16d]" started-at="2024-06-14T16:13:41 IST" name="driverSetup" finished-at="2024-06-14T16:14:21 IST" duration-ms="40352" status="PASS">
          <params>
            <param index="0">
              <value>
                <![CDATA[chrome]]>
              </value>
            </param>
          </params>
          <reporter-output>
          </reporter-output>
        </test-method> <!-- driverSetup -->
        <test-method signature="validatingEMIcalculator_LoanTenure()[pri:5, instance:testcases.Tc_003_003_UI_ValidatingEMIcalculator_LoanTenure@3e14c16d]" started-at="2024-06-14T16:14:21 IST" name="validatingEMIcalculator_LoanTenure" finished-at="2024-06-14T16:14:33 IST" duration-ms="11382" status="PASS">
          <reporter-output>
          </reporter-output>
        </test-method> <!-- validatingEMIcalculator_LoanTenure -->
        <test-method is-config="true" signature="browserClose()[pri:0, instance:testcases.Tc_003_003_UI_ValidatingEMIcalculator_LoanTenure@3e14c16d]" started-at="2024-06-14T16:14:33 IST" name="browserClose" finished-at="2024-06-14T16:14:35 IST" duration-ms="2366" status="PASS">
          <reporter-output>
          </reporter-output>
        </test-method> <!-- browserClose -->
      </class> <!-- testcases.Tc_003_003_UI_ValidatingEMIcalculator_LoanTenure -->
    </test> <!-- Test -->
  </suite> <!-- Suite -->
</testng-results>
